{"numFailedTestSuites":0,"numFailedTests":0,"numPassedTestSuites":2,"numPassedTests":5,"numPendingTestSuites":0,"numPendingTests":0,"numRuntimeErrorTestSuites":0,"numTodoTests":0,"numTotalTestSuites":2,"numTotalTests":5,"openHandles":[],"snapshot":{"added":0,"didUpdate":false,"failure":false,"filesAdded":0,"filesRemoved":0,"filesRemovedList":[],"filesUnmatched":0,"filesUpdated":0,"matched":0,"total":0,"unchecked":0,"uncheckedKeysByFile":[],"unmatched":0,"updated":0},"startTime":1770471354234,"success":true,"testResults":[{"assertionResults":[{"ancestorTitles":["AuthContext"],"duration":31,"failing":false,"failureDetails":[],"failureMessages":[],"fullName":"AuthContext provides initial guest state","invocations":1,"location":null,"numPassingAsserts":1,"retryReasons":[],"startAt":1770471357695,"status":"passed","title":"provides initial guest state"},{"ancestorTitles":["AuthContext"],"duration":7,"failing":false,"failureDetails":[],"failureMessages":[],"fullName":"AuthContext restores session from localStorage","invocations":1,"location":null,"numPassingAsserts":2,"retryReasons":[],"startAt":1770471357727,"status":"passed","title":"restores session from localStorage"},{"ancestorTitles":["AuthContext"],"duration":13,"failing":false,"failureDetails":[],"failureMessages":[],"fullName":"AuthContext handles successful login","invocations":1,"location":null,"numPassingAsserts":3,"retryReasons":[],"startAt":1770471357734,"status":"passed","title":"handles successful login"},{"ancestorTitles":["AuthContext"],"duration":10,"failing":false,"failureDetails":[],"failureMessages":[],"fullName":"AuthContext handles logout","invocations":1,"location":null,"numPassingAsserts":4,"retryReasons":[],"startAt":1770471357747,"status":"passed","title":"handles logout"}],"endTime":1770471357759,"message":"","name":"D:\\site-imobiliario\\src\\contexts\\__tests__\\AuthContext.test.tsx","startTime":1770471356662,"status":"passed","summary":""},{"assertionResults":[{"ancestorTitles":["Registration Integration"],"duration":53,"failing":false,"failureDetails":[],"failureMessages":[],"fullName":"Registration Integration renders phone verification page with user data","invocations":1,"location":null,"numPassingAsserts":2,"retryReasons":[],"startAt":1770471357787,"status":"passed","title":"renders phone verification page with user data"}],"endTime":1770471357842,"message":"","name":"D:\\site-imobiliario\\src\\app\\cadastro\\__tests__\\integration.test.tsx","startTime":1770471356688,"status":"passed","summary":""}],"wasInterrupted":false}
